# JRE version: Java(TM) SE Runtime Environment (8.0_111-b14) (build 1.8.0_111-b14)
# Java VM: Java HotSpot(TM) 64-Bit Server VM (25.111-b14 mixed mode windows-amd64 compressed oops)
Heap:
 PSYoungGen      total 10752K, used 2473K [0x00000000f4900000, 0x00000000f5500000, 0x0000000100000000)
  eden space 9216K, 10% used [0x00000000f4900000,0x00000000f49ea760,0x00000000f5200000)
  from space 1536K, 100% used [0x00000000f5200000,0x00000000f5380000,0x00000000f5380000)
  to   space 1536K, 0% used [0x00000000f5380000,0x00000000f5380000,0x00000000f5500000)
 ParOldGen       total 24576K, used 10411K [0x00000000dda00000, 0x00000000df200000, 0x00000000f4900000)
  object space 24576K, 42% used [0x00000000dda00000,0x00000000de42aec8,0x00000000df200000)
 Metaspace       used 14183K, capacity 14472K, committed 14848K, reserved 1062912K
  class space    used 1866K, capacity 1938K, committed 2048K, reserved 1048576K
GC Heap History (6 events):
Event: 13.058 GC heap before
{Heap before GC invocations=1 (full 0):
 PSYoungGen      total 10752K, used 9216K [0x00000000f4900000, 0x00000000f5500000, 0x0000000100000000)
  eden space 9216K, 100% used [0x00000000f4900000,0x00000000f5200000,0x00000000f5200000)
  from space 1536K, 0% used [0x00000000f5380000,0x00000000f5380000,0x00000000f5500000)
  to   space 1536K, 0% used [0x00000000f5200000,0x00000000f5200000,0x00000000f5380000)
 ParOldGen       total 24576K, used 0K [0x00000000dda00000, 0x00000000df200000, 0x00000000f4900000)
  object space 24576K, 0% used [0x00000000dda00000,0x00000000dda00000,0x00000000df200000)
 Metaspace       used 13141K, capacity 13434K, committed 13696K, reserved 1060864K
  class space    used 1745K, capacity 1809K, committed 1920K, reserved 1048576K
Event: 13.065 GC heap after
Heap after GC invocations=1 (full 0):
 PSYoungGen      total 10752K, used 1510K [0x00000000f4900000, 0x00000000f5500000, 0x0000000100000000)
  eden space 9216K, 0% used [0x00000000f4900000,0x00000000f4900000,0x00000000f5200000)
  from space 1536K, 98% used [0x00000000f5200000,0x00000000f5379b08,0x00000000f5380000)
  to   space 1536K, 0% used [0x00000000f5380000,0x00000000f5380000,0x00000000f5500000)
 ParOldGen       total 24576K, used 1236K [0x00000000dda00000, 0x00000000df200000, 0x00000000f4900000)
  object space 24576K, 5% used [0x00000000dda00000,0x00000000ddb35138,0x00000000df200000)
 Metaspace       used 13141K, capacity 13434K, committed 13696K, reserved 1060864K
  class space    used 1745K, capacity 1809K, committed 1920K, reserved 1048576K
}
Event: 19.797 GC heap before
{Heap before GC invocations=2 (full 0):
 PSYoungGen      total 10752K, used 10726K [0x00000000f4900000, 0x00000000f5500000, 0x0000000100000000)
  eden space 9216K, 100% used [0x00000000f4900000,0x00000000f5200000,0x00000000f5200000)
  from space 1536K, 98% used [0x00000000f5200000,0x00000000f5379b08,0x00000000f5380000)
  to   space 1536K, 0% used [0x00000000f5380000,0x00000000f5380000,0x00000000f5500000)
 ParOldGen       total 24576K, used 1236K [0x00000000dda00000, 0x00000000df200000, 0x00000000f4900000)
  object space 24576K, 5% used [0x00000000dda00000,0x00000000ddb35138,0x00000000df200000)
 Metaspace       used 14072K, capacity 14344K, committed 14592K, reserved 1062912K
  class space    used 1866K, capacity 1938K, committed 2048K, reserved 1048576K
Event: 19.814 GC heap after
Heap after GC invocations=2 (full 0):
 PSYoungGen      total 10752K, used 1510K [0x00000000f4900000, 0x00000000f5500000, 0x0000000100000000)
  eden space 9216K, 0% used [0x00000000f4900000,0x00000000f4900000,0x00000000f5200000)
  from space 1536K, 98% used [0x00000000f5380000,0x00000000f54f9b08,0x00000000f5500000)
  to   space 1536K, 0% used [0x00000000f5200000,0x00000000f5200000,0x00000000f5380000)
 ParOldGen       total 24576K, used 6184K [0x00000000dda00000, 0x00000000df200000, 0x00000000f4900000)
  object space 24576K, 25% used [0x00000000dda00000,0x00000000de00a250,0x00000000df200000)
 Metaspace       used 14072K, capacity 14344K, committed 14592K, reserved 1062912K
  class space    used 1866K, capacity 1938K, committed 2048K, reserved 1048576K
}
Event: 19.934 GC heap before
{Heap before GC invocations=3 (full 0):
 PSYoungGen      total 10752K, used 10726K [0x00000000f4900000, 0x00000000f5500000, 0x0000000100000000)
  eden space 9216K, 100% used [0x00000000f4900000,0x00000000f5200000,0x00000000f5200000)
  from space 1536K, 98% used [0x00000000f5380000,0x00000000f54f9b08,0x00000000f5500000)
  to   space 1536K, 0% used [0x00000000f5200000,0x00000000f5200000,0x00000000f5380000)
 ParOldGen       total 24576K, used 6184K [0x00000000dda00000, 0x00000000df200000, 0x00000000f4900000)
  object space 24576K, 25% used [0x00000000dda00000,0x00000000de00a250,0x00000000df200000)
 Metaspace       used 14179K, capacity 14472K, committed 14848K, reserved 1062912K
  class space    used 1866K, capacity 1938K, committed 2048K, reserved 1048576K
Event: 19.942 GC heap after
Heap after GC invocations=3 (full 0):
 PSYoungGen      total 10752K, used 1536K [0x00000000f4900000, 0x00000000f5500000, 0x0000000100000000)
  eden space 9216K, 0% used [0x00000000f4900000,0x00000000f4900000,0x00000000f5200000)
  from space 1536K, 100% used [0x00000000f5200000,0x00000000f5380000,0x00000000f5380000)
  to   space 1536K, 0% used [0x00000000f5380000,0x00000000f5380000,0x00000000f5500000)
 ParOldGen       total 24576K, used 10411K [0x00000000dda00000, 0x00000000df200000, 0x00000000f4900000)
  object space 24576K, 42% used [0x00000000dda00000,0x00000000de42aec8,0x00000000df200000)
 Metaspace       used 14179K, capacity 14472K, committed 14848K, reserved 1062912K
  class space    used 1866K, capacity 1938K, committed 2048K, reserved 1048576K
}

